<?xml version="1.0" encoding="UTF-8"?>
<testsuite xmlns:xsi="http://www.w3.org/2001/XMLSchema-instance" xsi:noNamespaceSchemaLocation="https://maven.apache.org/surefire/maven-surefire-plugin/xsd/surefire-test-report.xsd" version="3.0.2" name="com.hospital.insurance.service.InsuranceClaimServiceTest" time="0.194" tests="9" errors="0" skipped="0" failures="0">
  <properties>
[...]
</properties>
  <testcase name="getInsurerByPackageName_ShouldReturnInsurer_WhenValidPackageName" classname="com.hospital.insurance.service.InsuranceClaimServiceTest" time="0.172"/>
  <testcase name="getClaimsByStatus_ShouldReturnClaimsWithStatus" classname="com.hospital.insurance.service.InsuranceClaimServiceTest" time="0.002"/>
  <testcase name="getClaimByReferenceNumber_ShouldReturnClaim_WhenValidReferenceNumber" classname="com.hospital.insurance.service.InsuranceClaimServiceTest" time="0.002"/>
  <testcase name="getClaimByPatientId_ShouldReturnClaim_WhenValidPatientId" classname="com.hospital.insurance.service.InsuranceClaimServiceTest" time="0.002"/>
  <testcase name="updateClaimStatus_ShouldUpdateStatus" classname="com.hospital.insurance.service.InsuranceClaimServiceTest" time="0.008"/>
  <testcase name="getAllInsurerDetails_ShouldReturnAllActiveInsurers" classname="com.hospital.insurance.service.InsuranceClaimServiceTest" time="0.001"/>
  <testcase name="initiateClaim_ShouldThrowException_WhenInsurerNotFound" classname="com.hospital.insurance.service.InsuranceClaimServiceTest" time="0.002"/>
  <testcase name="initiateClaim_ShouldCreateClaimRequest_WhenValidInput" classname="com.hospital.insurance.service.InsuranceClaimServiceTest" time="0.001"/>
  <testcase name="getInsurerByPackageName_ShouldThrowException_WhenPackageNotFound" classname="com.hospital.insurance.service.InsuranceClaimServiceTest" time="0.001"/>
</testsuite>